0 info it worked if it ends with ok
1 verbose cli [ 'C:\\Program Files\\nodejs\\node.exe',
1 verbose cli   'D:\\Users\\Windows\\AppData\\Roaming\\npm\\node_modules\\npm3\\node_modules\\npm\\cli.js',
1 verbose cli   'install',
1 verbose cli   'angular-mocks' ]
2 info using npm@3.8.8
3 info using node@v4.4.7
4 silly loadCurrentTree Starting
5 silly install loadCurrentTree
6 silly install readLocalPackageData
7 silly fetchPackageMetaData angular-mocks
8 silly fetchNamedPackageData angular-mocks
9 silly mapToRegistry name angular-mocks
10 silly mapToRegistry using default registry
11 silly mapToRegistry registry https://registry.npmjs.org/
12 silly mapToRegistry data Result {
12 silly mapToRegistry   raw: 'angular-mocks',
12 silly mapToRegistry   scope: null,
12 silly mapToRegistry   name: 'angular-mocks',
12 silly mapToRegistry   rawSpec: '',
12 silly mapToRegistry   spec: 'latest',
12 silly mapToRegistry   type: 'tag' }
13 silly mapToRegistry uri https://registry.npmjs.org/angular-mocks
14 verbose request uri https://registry.npmjs.org/angular-mocks
15 verbose request no auth needed
16 info attempt registry request try #1 at 13:26:48
17 verbose request id 7687347a0bb92278
18 verbose etag W/"5899d30b-18c32"
19 verbose lastModified Tue, 07 Feb 2017 14:00:43 GMT
20 http request GET https://registry.npmjs.org/angular-mocks
21 http 304 https://registry.npmjs.org/angular-mocks
22 verbose headers { date: 'Thu, 23 Feb 2017 11:26:49 GMT',
22 verbose headers   via: '1.1 varnish',
22 verbose headers   'cache-control': 'max-age=300',
22 verbose headers   etag: 'W/"5899d30b-18c32"',
22 verbose headers   age: '162',
22 verbose headers   connection: 'keep-alive',
22 verbose headers   'x-served-by': 'cache-hhn1530-HHN',
22 verbose headers   'x-cache': 'HIT',
22 verbose headers   'x-cache-hits': '1',
22 verbose headers   'x-timer': 'S1487849209.274631,VS0,VE0',
22 verbose headers   vary: 'Accept-Encoding' }
23 silly get cb [ 304,
23 silly get   { date: 'Thu, 23 Feb 2017 11:26:49 GMT',
23 silly get     via: '1.1 varnish',
23 silly get     'cache-control': 'max-age=300',
23 silly get     etag: 'W/"5899d30b-18c32"',
23 silly get     age: '162',
23 silly get     connection: 'keep-alive',
23 silly get     'x-served-by': 'cache-hhn1530-HHN',
23 silly get     'x-cache': 'HIT',
23 silly get     'x-cache-hits': '1',
23 silly get     'x-timer': 'S1487849209.274631,VS0,VE0',
23 silly get     vary: 'Accept-Encoding' } ]
24 verbose etag https://registry.npmjs.org/angular-mocks from cache
25 verbose get saving angular-mocks to D:\Users\Windows\AppData\Roaming\npm-cache\registry.npmjs.org\angular-mocks\.cache.json
26 verbose correctMkdir D:\Users\Windows\AppData\Roaming\npm-cache correctMkdir not in flight; initializing
27 silly install normalizeTree
28 silly loadCurrentTree Finishing
29 silly loadIdealTree Starting
30 silly install loadIdealTree
31 silly cloneCurrentTree Starting
32 silly install cloneCurrentTreeToIdealTree
33 silly cloneCurrentTree Finishing
34 silly loadShrinkwrap Starting
35 silly install loadShrinkwrap
36 silly loadShrinkwrap Finishing
37 silly loadAllDepsIntoIdealTree Starting
38 silly install loadAllDepsIntoIdealTree
39 silly resolveWithNewModule angular-mocks@1.6.2 checking installable status
40 silly cache add args [ 'angular-mocks', null ]
41 verbose cache add spec angular-mocks
42 silly cache add parsed spec Result {
42 silly cache add   raw: 'angular-mocks',
42 silly cache add   scope: null,
42 silly cache add   name: 'angular-mocks',
42 silly cache add   rawSpec: '',
42 silly cache add   spec: 'latest',
42 silly cache add   type: 'tag' }
43 silly addNamed angular-mocks@latest
44 verbose addNamed "latest" is being treated as a dist-tag for angular-mocks
45 info addNameTag [ 'angular-mocks', 'latest' ]
46 silly mapToRegistry name angular-mocks
47 silly mapToRegistry using default registry
48 silly mapToRegistry registry https://registry.npmjs.org/
49 silly mapToRegistry data Result {
49 silly mapToRegistry   raw: 'angular-mocks',
49 silly mapToRegistry   scope: null,
49 silly mapToRegistry   name: 'angular-mocks',
49 silly mapToRegistry   rawSpec: '',
49 silly mapToRegistry   spec: 'latest',
49 silly mapToRegistry   type: 'tag' }
50 silly mapToRegistry uri https://registry.npmjs.org/angular-mocks
51 verbose addNameTag registry:https://registry.npmjs.org/angular-mocks not in flight; fetching
52 verbose get https://registry.npmjs.org/angular-mocks not expired, no request
53 silly addNameTag next cb for angular-mocks with tag latest
54 silly addNamed angular-mocks@1.6.2
55 verbose addNamed "1.6.2" is a plain semver version for angular-mocks
56 silly cache afterAdd angular-mocks@1.6.2
57 verbose afterAdd D:\Users\Windows\AppData\Roaming\npm-cache\angular-mocks\1.6.2\package\package.json not in flight; writing
58 verbose correctMkdir D:\Users\Windows\AppData\Roaming\npm-cache correctMkdir not in flight; initializing
59 verbose afterAdd D:\Users\Windows\AppData\Roaming\npm-cache\angular-mocks\1.6.2\package\package.json written
60 silly loadAllDepsIntoIdealTree Finishing
61 silly idealTree:prePrune pip-webui-files@1.5.0
61 silly idealTree:prePrune `-- angular-mocks@1.6.2
62 silly loadIdealTree Finishing
63 silly currentTree pip-webui-files@1.5.0
64 silly idealTree pip-webui-files@1.5.0
64 silly idealTree `-- angular-mocks@1.6.2
65 silly generateActionsToTake Starting
66 silly install generateActionsToTake
67 silly generateActionsToTake Finishing
68 silly diffTrees action count 1
69 silly diffTrees add angular-mocks@1.6.2
70 silly decomposeActions action count 8
71 silly decomposeActions fetch angular-mocks@1.6.2
72 silly decomposeActions extract angular-mocks@1.6.2
73 silly decomposeActions test angular-mocks@1.6.2
74 silly decomposeActions preinstall angular-mocks@1.6.2
75 silly decomposeActions build angular-mocks@1.6.2
76 silly decomposeActions install angular-mocks@1.6.2
77 silly decomposeActions postinstall angular-mocks@1.6.2
78 silly decomposeActions finalize angular-mocks@1.6.2
79 silly executeActions Starting
80 silly install executeActions
81 silly doSerial global-install 0
82 silly doParallel fetch 1
83 verbose correctMkdir D:\Users\Windows\AppData\Roaming\npm-cache\_locks correctMkdir not in flight; initializing
84 verbose lock using D:\Users\Windows\AppData\Roaming\npm-cache\_locks\staging-a831f7986a293a36.lock for D:\work\pip-webui\pip-webui-files\node_modules\.staging
85 verbose unlock done using D:\Users\Windows\AppData\Roaming\npm-cache\_locks\staging-a831f7986a293a36.lock for D:\work\pip-webui\pip-webui-files\node_modules\.staging
86 silly rollbackFailedOptional Starting
87 silly rollbackFailedOptional Finishing
88 silly runTopLevelLifecycles Starting
89 silly runTopLevelLifecycles Finishing
90 silly install printInstalled
91 warn pip-webui-files@1.5.0 No repository field.
92 verbose stack Error: EEXIST: file already exists, mkdir 'D:\work\pip-webui\pip-webui-files\node_modules'
92 verbose stack     at Error (native)
93 verbose cwd D:\work\pip-webui\pip-webui-files
94 error Windows_NT 10.0.14393
95 error argv "C:\\Program Files\\nodejs\\node.exe" "D:\\Users\\Windows\\AppData\\Roaming\\npm\\node_modules\\npm3\\node_modules\\npm\\cli.js" "install" "angular-mocks"
96 error node v4.4.7
97 error npm  v3.8.8
98 error path D:\work\pip-webui\pip-webui-files\node_modules
99 error code EEXIST
100 error errno -4075
101 error syscall mkdir
102 error EEXIST: file already exists, mkdir 'D:\work\pip-webui\pip-webui-files\node_modules'
103 error File exists: D:\work\pip-webui\pip-webui-files\node_modules
104 error Move it away, and try again.
105 verbose exit [ -4075, true ]
